\BOOKMARK [1][-]{section.1}{Introduction and Background}{}% 1
\BOOKMARK [1][-]{section.2}{Data acquisition}{}% 2
\BOOKMARK [2][-]{subsection.2.1}{Data preparation and preprocessing}{section.2}% 3
\BOOKMARK [2][-]{subsection.2.2}{Traditional Survival Analysis}{section.2}% 4
\BOOKMARK [1][-]{section.3}{Transformation of Censored Data for Machine Learning}{}% 5
\BOOKMARK [1][-]{section.4}{Prediction Models}{}% 6
\BOOKMARK [2][-]{subsection.4.1}{Training and Test Partitions}{section.4}% 7
\BOOKMARK [2][-]{subsection.4.2}{Decision Trees and Random Forests}{section.4}% 8
\BOOKMARK [2][-]{subsection.4.3}{MLP Neural Networks}{section.4}% 9
\BOOKMARK [1][-]{section.5}{Results}{}% 10
\BOOKMARK [2][-]{subsection.5.1}{Performance Metrics}{section.5}% 11
\BOOKMARK [2][-]{subsection.5.2}{Model Agreement}{section.5}% 12
\BOOKMARK [1][-]{section.6}{Survival Curve Prediction Apps}{}% 13
\BOOKMARK [1][-]{section.7}{Further Directions}{}% 14
\BOOKMARK [1][-]{appendix.A}{Selected Features}{}% 15
\BOOKMARK [2][-]{subsection.A.1}{Colon Cancer Feature Selection}{appendix.A}% 16
\BOOKMARK [2][-]{subsection.A.2}{Lung Cancer Feature Selection}{appendix.A}% 17
\BOOKMARK [2][-]{subsection.A.3}{Breast Cancer Feature Selection}{appendix.A}% 18
\BOOKMARK [1][-]{appendix.B}{Pseudocode for the Data Transformation}{}% 19
\BOOKMARK [1][-]{appendix.C}{Model Architecture and Python Code}{}% 20
\BOOKMARK [2][-]{subsection.C.1}{Breast Random Forest Model}{appendix.C}% 21
\BOOKMARK [2][-]{subsection.C.2}{Colon Random Forest Model}{appendix.C}% 22
\BOOKMARK [2][-]{subsection.C.3}{Lung Random Forest Model}{appendix.C}% 23
\BOOKMARK [2][-]{subsection.C.4}{Breast Neural Network Model}{appendix.C}% 24
\BOOKMARK [2][-]{subsection.C.5}{Colon Cancer Neural Network Model}{appendix.C}% 25
\BOOKMARK [2][-]{subsection.C.6}{Lung Cancer Neural Network Model}{appendix.C}% 26
